0 info it worked if it ends with ok
1 verbose cli [ 'C:\\WampDeveloper\\Tools\\NodeJS\\\\node.exe',
1 verbose cli   'C:\\WampDeveloper\\Tools\\NodeJS\\node_modules\\npm\\bin\\npm-cli.js',
1 verbose cli   'install',
1 verbose cli   '-g',
1 verbose cli   'n' ]
2 info using npm@1.4.12
3 info using node@v0.10.33
4 verbose node symlink C:\WampDeveloper\Tools\NodeJS\\node.exe
5 verbose cache add [ 'n', null ]
6 verbose cache add name=undefined spec="n" args=["n",null]
7 verbose parsed url { protocol: null,
7 verbose parsed url   slashes: null,
7 verbose parsed url   auth: null,
7 verbose parsed url   host: null,
7 verbose parsed url   port: null,
7 verbose parsed url   hostname: null,
7 verbose parsed url   hash: null,
7 verbose parsed url   search: null,
7 verbose parsed url   query: null,
7 verbose parsed url   pathname: 'n',
7 verbose parsed url   path: 'n',
7 verbose parsed url   href: 'n' }
8 silly lockFile d1854cae-n n
9 verbose lock n C:\Users\Honcho\AppData\Roaming\npm-cache\d1854cae-n.lock
10 silly lockFile d1854cae-n n
11 silly lockFile d1854cae-n n
12 verbose addNamed [ 'n', '' ]
13 verbose addNamed [ null, '*' ]
14 silly lockFile 6b58d7dc-n n@
15 verbose lock n@ C:\Users\Honcho\AppData\Roaming\npm-cache\6b58d7dc-n.lock
16 silly addNameRange { name: 'n', range: '*', hasData: false }
17 verbose url raw n
18 verbose url resolving [ 'https://registry.npmjs.org/', './n' ]
19 verbose url resolved https://registry.npmjs.org/n
20 info trying registry request attempt 1 at 05:00:47
21 verbose etag W/"794fec4ca3d45c86a55b552d4a0e3ec8"
22 http GET https://registry.npmjs.org/n
23 http 304 https://registry.npmjs.org/n
24 silly registry.get cb [ 304,
24 silly registry.get   { date: 'Fri, 07 Sep 2018 12:00:48 GMT',
24 silly registry.get     connection: 'keep-alive',
24 silly registry.get     'set-cookie': [ '__cfduid=d359f5906aa22d077b209c03a9e8c0df61536321648; expires=Sat, 07-Sep-19 12:00:48 GMT; path=/; domain=.registry.npmjs.org; HttpOnly' ],
24 silly registry.get     'cf-cache-status': 'HIT',
24 silly registry.get     'cache-control': 'max-age=300',
24 silly registry.get     'cf-ray': '4569045e9dc82c30-AMS',
24 silly registry.get     etag: '"794fec4ca3d45c86a55b552d4a0e3ec8"',
24 silly registry.get     'expect-ct': 'max-age=604800, report-uri="https://report-uri.cloudflare.com/cdn-cgi/beacon/expect-ct"',
24 silly registry.get     'last-modified': 'Fri, 03 Aug 2018 00:36:01 GMT',
24 silly registry.get     vary: 'accept-encoding, accept',
24 silly registry.get     server: 'cloudflare' } ]
25 verbose etag n from cache
26 silly addNameRange number 2 { name: 'n', range: '*', hasData: true }
27 silly addNameRange versions [ 'n',
27 silly addNameRange   [ '0.0.1',
27 silly addNameRange     '0.0.2',
27 silly addNameRange     '0.0.3',
27 silly addNameRange     '0.0.4',
27 silly addNameRange     '0.1.0',
27 silly addNameRange     '0.1.1',
27 silly addNameRange     '0.1.2',
27 silly addNameRange     '0.2.0',
27 silly addNameRange     '0.2.1',
27 silly addNameRange     '0.2.2',
27 silly addNameRange     '0.3.0',
27 silly addNameRange     '0.4.0',
27 silly addNameRange     '0.4.1',
27 silly addNameRange     '0.4.2',
27 silly addNameRange     '0.5.0',
27 silly addNameRange     '0.5.1',
27 silly addNameRange     '0.5.2',
27 silly addNameRange     '0.5.3',
27 silly addNameRange     '0.5.4',
27 silly addNameRange     '0.6.0',
27 silly addNameRange     '0.6.1',
27 silly addNameRange     '0.7.0',
27 silly addNameRange     '0.7.1',
27 silly addNameRange     '0.7.2',
27 silly addNameRange     '0.7.3',
27 silly addNameRange     '0.8.0',
27 silly addNameRange     '0.8.1',
27 silly addNameRange     '0.8.2',
27 silly addNameRange     '0.9.0',
27 silly addNameRange     '0.9.1',
27 silly addNameRange     '0.9.2',
27 silly addNameRange     '0.9.3',
27 silly addNameRange     '1.0.0',
27 silly addNameRange     '1.1.0',
27 silly addNameRange     '1.2.1',
27 silly addNameRange     '1.2.2',
27 silly addNameRange     '1.2.3',
27 silly addNameRange     '1.2.4',
27 silly addNameRange     '1.2.5',
27 silly addNameRange     '1.2.6',
27 silly addNameRange     '1.2.7',
27 silly addNameRange     '1.2.8',
27 silly addNameRange     '1.2.9',
27 silly addNameRange     '1.2.11',
27 silly addNameRange     '1.2.13',
27 silly addNameRange     '1.2.14',
27 silly addNameRange     '1.3.0',
27 silly addNameRange     '1.4.0',
27 silly addNameRange     '2.0.0',
27 silly addNameRange     '1.4.1',
27 silly addNameRange     '2.0.1',
27 silly addNameRange     '1.4.2',
27 silly addNameRange     '2.0.2',
27 silly addNameRange     '2.1.0',
27 silly addNameRange     '2.1.1',
27 silly addNameRange     '2.1.2',
27 silly addNameRange     '2.1.3',
27 silly addNameRange     '2.1.4',
27 silly addNameRange     '2.1.5',
27 silly addNameRange     '2.1.6',
27 silly addNameRange     '2.1.7',
27 silly addNameRange     '2.1.8',
27 silly addNameRange     '2.1.9',
27 silly addNameRange     '2.1.10',
27 silly addNameRange     '2.1.11',
27 silly addNameRange     '2.1.12' ] ]
28 verbose addNamed [ 'n', '2.1.12' ]
29 verbose addNamed [ '2.1.12', '2.1.12' ]
30 silly lockFile eef8e28b-n-2-1-12 n@2.1.12
31 verbose lock n@2.1.12 C:\Users\Honcho\AppData\Roaming\npm-cache\eef8e28b-n-2-1-12.lock
32 silly lockFile eef8e28b-n-2-1-12 n@2.1.12
33 silly lockFile eef8e28b-n-2-1-12 n@2.1.12
34 silly lockFile 6b58d7dc-n n@
35 silly lockFile 6b58d7dc-n n@
36 silly resolved [ { name: 'n',
36 silly resolved     description: 'Interactively Manage All Your Node Versions',
36 silly resolved     version: '2.1.12',
36 silly resolved     author: { name: 'TJ Holowaychuk', email: 'tj@vision-media.ca' },
36 silly resolved     homepage: 'https://github.com/tj/n',
36 silly resolved     bugs: { url: 'https://github.com/tj/n/issues' },
36 silly resolved     contributors: [ [Object], [Object], [Object] ],
36 silly resolved     keywords:
36 silly resolved      [ 'nvm',
36 silly resolved        'node',
36 silly resolved        'version',
36 silly resolved        'manager',
36 silly resolved        'switcher',
36 silly resolved        'node',
36 silly resolved        'binary',
36 silly resolved        'env' ],
36 silly resolved     bin: { n: './bin/n' },
36 silly resolved     repository: { type: 'git', url: 'git://github.com/tj/n.git' },
36 silly resolved     preferGlobal: true,
36 silly resolved     os: [ '!win32' ],
36 silly resolved     engines: { node: '*' },
36 silly resolved     license: 'MIT',
36 silly resolved     gitHead: '8ad6cd3bc76fc674f7faf3d8cf2f4d6e7d1849c3',
36 silly resolved     _id: 'n@2.1.12',
36 silly resolved     _npmVersion: '6.0.1',
36 silly resolved     _nodeVersion: '8.11.2',
36 silly resolved     _npmUser: { name: 'troy0820', email: 'troy0820@gmail.com' },
36 silly resolved     dist:
36 silly resolved      { integrity: 'sha512-LbdmVo3utWB0njvNAsEHZxMesZmUBOH54VOzGpywqi03huCmi0bsSyigKCLrBxlnvlcz4Nahwt342f6w9YU3Cg==',
36 silly resolved        shasum: '7bca5e103bfe3632d4c1a70dfaf9ecf774c18aed',
36 silly resolved        tarball: 'https://registry.npmjs.org/n/-/n-2.1.12.tgz',
36 silly resolved        fileCount: 7,
36 silly resolved        unpackedSize: 30247,
36 silly resolved        'npm-signature': '-----BEGIN PGP SIGNATURE-----\r\nVersion: OpenPGP.js v3.0.4\r\nComment: https://openpgpjs.org\r\n\r\nwsFcBAEBCAAQBQJbHrp7CRA9TVsSAnZWagAAB1sP/3rWkLGMALGKzwjTPOKg\nVTqCSUL3Az1ihVlgplTvMLauz3xNo7eu6NfDDWotQGm2S/CYT4s5cC++xK/r\nF92PvMFIdnI+YSHZTdLvZpryOvyhHMh5NYM3ARhIt3YIC7nOkTVFVa1XkuUI\n0sp+vmIZrUZvzIEihVwHVxb5INxZVMh8NB6WZxVstRNmOl0/SgnSK2NLM1qy\nr7pgMjJWICF42ltXwVlRKaqCKeRpNJAvSMxBHaDFbKgmoXd37d7BsDc/qv0+\nQJZ2oHyKInimnUxKfY6pw702SyoQKsZvWflkTlVxjEMOjjRpXRKERFiWrRTH\nxEuQ7Jz7SsMRERJetsTpKPnS+OTyxioXtJmod4+Qy2AV6LS7q+h5NxLEzli8\nLdlbJP0MTJECJryeAl0OJbInoybp3MBmyAZ045TUbqwS/nzQtxNuEAJXHiqK\nYDtoFQjASiAAkjavrdb9yXiuyPPDK4HTvhlD3vTnr29dpxTUSAauvZ+a8E/Z\n+iNRw2NrZuor97NJ9Eltt80GWYgsCNACQGcfYk+7BS7YsAmco/KCSYH7TjVT\nnX7r1FjkHCmLnkkveJvsyEY3E8xTc4/e7YCkJIdXBTNZUgMDUWFqzB8lIA5y\noMIfkxiTchZpY8m6jSmPta/UZU4LyixYnmYslLSNPhj7KSidOtP3peKowy9D\nAW+0\r\n=Tct9\r\n-----END PGP SIGNATURE-----\r\n' },
36 silly resolved     maintainers: [ [Object], [Object], [Object], [Object], [Object], [Object] ],
36 silly resolved     directories: {},
36 silly resolved     _npmOperationalInternal:
36 silly resolved      { host: 's3://npm-registry-packages',
36 silly resolved        tmp: 'tmp/n_2.1.12_1528740474170_0.4363494946487372' },
36 silly resolved     _shasum: '7bca5e103bfe3632d4c1a70dfaf9ecf774c18aed',
36 silly resolved     _from: 'n@',
36 silly resolved     _resolved: 'https://registry.npmjs.org/n/-/n-2.1.12.tgz',
36 silly resolved     readme: 'ERROR: No README data found!' } ]
37 info install n@2.1.12 into C:\WampDeveloper\Tools\NodeJS
38 info installOne n@2.1.12
39 error notsup Unsupported
39 error notsup Not compatible with your operating system or architecture: n@2.1.12
39 error notsup Valid OS:    !win32
39 error notsup Valid Arch:  any
39 error notsup Actual OS:   win32
39 error notsup Actual Arch: ia32
40 error System Windows_NT 6.2.9200
41 error command "C:\\WampDeveloper\\Tools\\NodeJS\\\\node.exe" "C:\\WampDeveloper\\Tools\\NodeJS\\node_modules\\npm\\bin\\npm-cli.js" "install" "-g" "n"
42 error cwd C:\WampDeveloper\Websites\www.demo.com\webroot
43 error node -v v0.10.33
44 error npm -v 1.4.12
45 error code EBADPLATFORM
46 verbose exit [ 1, true ]
